<?xml version="1.0" encoding="UTF-8"?>
<!-- Generated by org.testng.reporters.JUnitXMLReporter -->
<testsuite hostname="DESKTOP-HGMDJ3C" ignored="0" name="Regression" tests="3" failures="0" timestamp="20 Mar 2022 12:16:26 GMT" time="2.455" errors="0">
  <testcase name="@BeforeMethod openApp" time="2.378" classname="generic.BaseTest">
    <failure type="java.lang.NoClassDefFoundError" message="com/google/common/collect/ImmutableSet">
      <![CDATA[java.lang.NoClassDefFoundError: com/google/common/collect/ImmutableSet
at org.openqa.selenium.remote.ErrorCodes.<clinit>(ErrorCodes.java:226)
at org.openqa.selenium.remote.ErrorHandler.<init>(ErrorHandler.java:68)
at org.openqa.selenium.remote.ErrorHandler.<init>(ErrorHandler.java:59)
at org.openqa.selenium.remote.RemoteWebDriver.<init>(RemoteWebDriver.java:113)
at org.openqa.selenium.remote.RemoteWebDriver.<init>(RemoteWebDriver.java:143)
at generic.BaseTest.openApp(BaseTest.java:72)
Caused by: java.lang.ClassNotFoundException: com.google.common.collect.ImmutableSet
at java.net.URLClassLoader.findClass(URLClassLoader.java:387)
at java.lang.ClassLoader.loadClass(ClassLoader.java:418)
at sun.misc.Launcher$AppClassLoader.loadClass(Launcher.java:355)
at java.lang.ClassLoader.loadClass(ClassLoader.java:351)
... 38 more
... Removed 32 stack frames]]>
    </failure>
  </testcase> <!-- @BeforeMethod openApp -->
  <testcase name="@AfterMethod closeApp" time="0.0" classname="generic.BaseTest">
    <skipped/>
  </testcase> <!-- @AfterMethod closeApp -->
  <testcase name="@BeforeMethod openApp" time="0.015" classname="generic.BaseTest">
    <failure type="java.lang.NoClassDefFoundError" message="Could not initialize class org.openqa.selenium.remote.ErrorCodes">
      <![CDATA[java.lang.NoClassDefFoundError: Could not initialize class org.openqa.selenium.remote.ErrorCodes
at org.openqa.selenium.remote.ErrorHandler.<init>(ErrorHandler.java:68)
at org.openqa.selenium.remote.ErrorHandler.<init>(ErrorHandler.java:59)
at org.openqa.selenium.remote.RemoteWebDriver.<init>(RemoteWebDriver.java:113)
at org.openqa.selenium.remote.RemoteWebDriver.<init>(RemoteWebDriver.java:143)
at generic.BaseTest.openApp(BaseTest.java:72)
... Removed 32 stack frames]]>
    </failure>
  </testcase> <!-- @BeforeMethod openApp -->
  <testcase name="@AfterMethod closeApp" time="0.0" classname="generic.BaseTest">
    <skipped/>
  </testcase> <!-- @AfterMethod closeApp -->
  <testcase name="@BeforeMethod openApp" time="0.0" classname="generic.BaseTest">
    <failure type="java.lang.NoClassDefFoundError" message="Could not initialize class org.openqa.selenium.remote.ErrorCodes">
      <![CDATA[java.lang.NoClassDefFoundError: Could not initialize class org.openqa.selenium.remote.ErrorCodes
at org.openqa.selenium.remote.ErrorHandler.<init>(ErrorHandler.java:68)
at org.openqa.selenium.remote.ErrorHandler.<init>(ErrorHandler.java:59)
at org.openqa.selenium.remote.RemoteWebDriver.<init>(RemoteWebDriver.java:113)
at org.openqa.selenium.remote.RemoteWebDriver.<init>(RemoteWebDriver.java:143)
at generic.BaseTest.openApp(BaseTest.java:72)
... Removed 32 stack frames]]>
    </failure>
  </testcase> <!-- @BeforeMethod openApp -->
  <testcase name="@AfterMethod closeApp" time="0.0" classname="generic.BaseTest">
    <skipped/>
  </testcase> <!-- @AfterMethod closeApp -->
  <testcase name="testA" time="0.0" classname="script.Test1">
    <skipped/>
  </testcase> <!-- testA -->
  <testcase name="testValidLogin" time="0.0" classname="script.ValidLogin">
    <skipped/>
  </testcase> <!-- testValidLogin -->
  <testcase name="testInvalidLogin" time="0.0" classname="script.InvalidLogin">
    <skipped/>
  </testcase> <!-- testInvalidLogin -->
</testsuite> <!-- Regression -->
