<?xml version="1.0" encoding="UTF-8"?>
<testsuite xmlns:xsi="http://www.w3.org/2001/XMLSchema-instance" xsi:noNamespaceSchemaLocation="https://maven.apache.org/surefire/maven-surefire-plugin/xsd/surefire-test-report-3.0.xsd" version="3.0" name="TestSuite" time="2.595" tests="6" errors="0" skipped="4" failures="2">
  <properties>
[...]
</properties>
  <testcase name="openApp" classname="script.Test1" time="2.361">
    <failure message="com/google/common/collect/ImmutableMap" type="java.lang.NoClassDefFoundError"><![CDATA[java.lang.NoClassDefFoundError: com/google/common/collect/ImmutableMap
Caused by: java.lang.ClassNotFoundException: com.google.common.collect.ImmutableMap
]]></failure>
    <system-out><![CDATA[[TestNGContentHandler] [WARN] It is strongly recommended to add "<!DOCTYPE suite SYSTEM "http://testng.org/testng-1.0.dtd" >" at the top of your file, otherwise TestNG may fail or not work as expected.
]]></system-out>
    <system-err><![CDATA[SLF4J: Failed to load class "org.slf4j.impl.StaticLoggerBinder".
SLF4J: Defaulting to no-operation (NOP) logger implementation
SLF4J: See http://www.slf4j.org/codes.html#StaticLoggerBinder for further details.
]]></system-err>
  </testcase>
  <testcase name="testA" classname="script.Test1" time="0">
    <skipped message="com/google/common/collect/ImmutableMap"/>
  </testcase>
  <testcase name="closeApp" classname="script.Test1" time="0">
    <skipped/>
  </testcase>
  <testcase name="openApp" classname="script.ValidLogin" time="2.361">
    <failure message="com/google/common/collect/ImmutableMap" type="java.lang.NoClassDefFoundError"><![CDATA[java.lang.NoClassDefFoundError: com/google/common/collect/ImmutableMap
]]></failure>
  </testcase>
  <testcase name="testValidLogin" classname="script.ValidLogin" time="0">
    <skipped message="com/google/common/collect/ImmutableMap"/>
  </testcase>
  <testcase name="closeApp" classname="script.ValidLogin" time="0">
    <skipped/>
  </testcase>
</testsuite>