-------------------------------------------------------------------------------
Test set: TestSuite
-------------------------------------------------------------------------------
Tests run: 6, Failures: 2, Errors: 0, Skipped: 4, Time elapsed: 2.354 s <<< FAILURE! - in TestSuite
script.Test1.openApp  Time elapsed: 2.15 s  <<< FAILURE!
java.lang.NoClassDefFoundError: com/google/common/collect/ImmutableMap
Caused by: java.lang.ClassNotFoundException: com.google.common.collect.ImmutableMap

script.ValidLogin.openApp  Time elapsed: 2.151 s  <<< FAILURE!
java.lang.NoClassDefFoundError: com/google/common/collect/ImmutableMap

