-------------------------------------------------------------------------------
Test set: TestSuite
-------------------------------------------------------------------------------
Tests run: 18, Failures: 6, Errors: 0, Skipped: 12, Time elapsed: 3.04 s <<< FAILURE! - in TestSuite
script.Test1.openApp[, , ](0)  Time elapsed: 2.518 s  <<< FAILURE!
java.lang.NoClassDefFoundError: com/google/common/collect/ImmutableMap

script.Test1.openApp[, , ](0)  Time elapsed: 2.518 s  <<< FAILURE!
java.lang.NoClassDefFoundError: com/google/common/collect/ImmutableMap
Caused by: java.lang.ClassNotFoundException: com.google.common.collect.ImmutableMap

script.ValidLogin.openApp[, , ](0)  Time elapsed: 2.612 s  <<< FAILURE!
java.lang.NoClassDefFoundError: com/google/common/collect/ImmutableMap

script.ValidLogin.openApp[, , ](0)  Time elapsed: 2.659 s  <<< FAILURE!
java.lang.NoClassDefFoundError: com/google/common/collect/ImmutableMap

script.InvalidLogin.openApp[, , ](0)  Time elapsed: 2.739 s  <<< FAILURE!
java.lang.NoClassDefFoundError: com/google/common/collect/ImmutableMap

script.InvalidLogin.openApp[, , ](0)  Time elapsed: 2.785 s  <<< FAILURE!
java.lang.NoClassDefFoundError: com/google/common/collect/ImmutableMap

