<?xml version="1.0" encoding="UTF-8"?>
<!-- Generated by org.testng.reporters.JUnitXMLReporter -->
<testsuite hostname="DESKTOP-HGMDJ3C" ignored="0" name="Regression" tests="1" failures="1" timestamp="19 Mar 2022 19:41:24 GMT" time="12.873" errors="0">
  <testcase name="testA" time="0.531" classname="script.Test1">
    <failure type="java.lang.AssertionError" message="expected [true] but found [false]">
      <![CDATA[java.lang.AssertionError: expected [true] but found [false]
at script.Test1.testA(Test1.java:54)
... Removed 29 stack frames]]>
    </failure>
  </testcase> <!-- testA -->
</testsuite> <!-- Regression -->
